2019-01-22 08:00:02 Downloaded BodegasYsios_ZH-CN7988828707_1920x1080.jpg
2019-01-23 08:00:04 Downloaded ApfelTag_ZH-CN7906570680_1920x1080.jpg
2019-01-25 08:00:04 Downloaded KukeriCostume_ZH-CN7695643694_1920x1080.jpg
2019-01-25 15:30:43 Downloaded ParkCity_ZH-CN7858135089_1920x1080.jpg
2019-01-26 08:00:02 Downloaded FortRajgad_ZH-CN7621203821_1920x1080.jpg
2019-01-27 08:00:02 Downloaded HolocaustMemorial_ZH-CN7460471446_1920x1080.jpg
2019-01-28 08:00:03 Downloaded LKDobson_ZH-CN7378172752_1920x1080.jpg
2019-01-29 08:00:03 Downloaded UpHellyAa_ZH-CN7287698551_1920x1080.jpg
2019-01-30 08:00:03 Downloaded IcePalaceStPaul_ZH-CN7212304504_1920x1080.jpg
2019-01-31 08:00:02 Downloaded WinterLynx_ZH-CN7158207296_1920x1080.jpg
2019-02-01 08:00:02 Downloaded MinnewankaBoathouse_ZH-CN0548323518_1920x1080.jpg
2019-02-02 08:00:03 Downloaded HoaryMarmot_ZH-CN7175843832_1920x1080.jpg
2019-02-03 08:00:02 Downloaded JapanCrane_ZH-CN7122024216_1920x1080.jpg
2019-02-04 08:00:03 Downloaded newyeareve_ZH-CN7055661762_1920x1080.jpg
2019-02-05 08:00:02 Downloaded springfestival_ZH-CN6995564658_1920x1080.jpg
2019-02-06 08:00:02 Downloaded Punakaiki_ZH-CN6944508336_1920x1080.jpg
2019-02-07 08:00:02 Downloaded BeatlesAshram_ZH-CN6839628037_1920x1080.jpg
2019-02-08 08:00:02 Downloaded YNPFirefall_ZH-CN6411148793_1920x1080.jpg
2019-02-09 08:00:04 Downloaded AlmondOrchard_ZH-CN6176656132_1920x1080.jpg
2019-02-10 08:00:02 Downloaded StylusGroove_ZH-CN6106476225_1920x1080.jpg
2019-02-11 08:00:03 Downloaded KomondorKennel_ZH-CN6009722858_1920x1080.jpg
2019-02-12 08:00:05 Downloaded LoisachKochelsee_ZH-CN5859866695_1920x1080.jpg
2019-02-13 08:00:01 Downloaded 
2019-02-13 13:08:56 Downloaded Misotsuchi_ZH-CN5137902045_1920x1080.jpg
2019-02-14 08:00:02 Downloaded HeartCranes_ZH-CN5070756418_1920x1080.jpg
2019-02-14 12:11:19 Exist
2019-02-15 08:00:02 Downloaded Kamakura_ZH-CN4324380274_1920x1080.jpg
2019-02-16 08:00:05 Downloaded PangolinDay_ZH-CN4393242380_1920x1080.jpg
2019-02-17 08:00:03 Downloaded GBBC_ZH-CN4481989355_1920x1080.jpg
2019-02-18 08:00:02 Downloaded AbstractSaltBeds_ZH-CN8351691359_1920x1080.jpg
2019-02-19 08:00:02 Downloaded lantern19_ZH-CN7846752344_1920x1080.jpg
2019-02-20 08:00:14 Downloaded RavenWolf_ZH-CN4544068603_1920x1080.jpg
2019-02-21 08:00:03 Downloaded BathBach_ZH-CN4601637280_1920x1080.jpg
2019-02-22 08:00:03 Downloaded PlatteRiver_ZH-CN4687283533_1920x1080.jpg
2019-02-23 08:00:03 Downloaded ChamonixWalkway_ZH-CN4774583061_1920x1080.jpg
2019-02-24 08:00:03 Downloaded OldTownTallinn_ZH-CN4833535739_1920x1080.jpg
2019-02-25 08:00:03 Downloaded CumulusCaribbean_ZH-CN4884493707_1920x1080.jpg
2019-02-26 08:00:03 Downloaded WinterGrand_ZH-CN5111542555_1920x1080.jpg
2019-02-27 08:00:02 Downloaded PolarBearDay_ZH-CN5185516722_1920x1080.jpg
2019-02-28 08:00:05 Downloaded HZMB_ZH-CN5238831909_1920x1080.jpg
2019-02-28 17:53:53 Exist
2019-03-01 08:00:03 Downloaded PhillisWheatley_ZH-CN8917971934_1920x1080.jpg
2019-03-01 18:24:17 Exist
2019-03-02 08:00:04 Downloaded 
2019-03-02 12:14:51 Downloaded VinicuncaMountain_ZH-CN8884315159_1920x1080.jpg
2019-03-03 08:00:03 Downloaded FinWhale_ZH-CN9010064973_1920x1080.jpg
2019-03-04 08:00:02 Downloaded ElephantMarch_ZH-CN8771717837_1920x1080.jpg
2019-03-05 08:00:02 Downloaded MardiGrasIndians_ZH-CN9075989964_1920x1080.jpg
2019-03-06 08:00:02 Downloaded Cefalu_ZH-CN9108906653_1920x1080.jpg
2019-03-07 08:00:04 Downloaded BrittlebushBloom_ZH-CN9198170508_1920x1080.jpg
2019-03-08 08:00:04 Downloaded Policewomen_ZH-CN9260416327_1920x1080.jpg
2019-03-12 11:59:05 Downloaded th?id=OHR.SpainRioTinto_ZH-CN9632593185_1920x1080.jpg&amp;rf=NorthMale_1920x1080.jpg&amp;pid=hp
2019-03-12 12:00:31 Downloaded SpainRioTinto_ZH-CN9632593185_1920x1080.jpg&amp;rf=NorthMale_1920x1080.jpg
2019-03-12 12:01:48 Downloaded SpainRioTinto_ZH-CN9632593185_1920x1080.jpg&amp;rf=NorthMale_1920x1080.jpg
2019-03-12 12:03:21 Downloaded SpainRioTinto_ZH-CN9632593185_1920x1080.jpg&amp;rf=NorthMale_1920x1080.jpg
2019-03-12 12:03:46 Downloaded SpainRioTinto_ZH-CN9632593185_1920x1080.jpg&amp;rf=NorthMale_1920x1080.jpg&amp
2019-03-12 12:04:41 Downloaded SpainRioTinto_ZH-CN9632593185_1920x1080.jpg&amp;rf=NorthMale_1920x1080.jpg&amp;pid=hp
2019-03-12 12:04:58 Downloaded SpainRioTinto_ZH-CN9632593185_1920x1080.jpg
2019-03-12 12:06:25 Downloaded SpainRioTinto_ZH-CN9632593185_1920x1080.jpg
2019-03-12 12:08:44 Downloaded SpainRioTinto_ZH-CN9632593185_1920x1080.jpg
2019-03-12 12:09:19 Downloaded LeopardNamibia_ZH-CN9585068449_1920x1080.jpg
2019-03-12 12:09:38 Downloaded BagpipeOpera_ZH-CN9506207351_1920x1080.jpg
2019-03-12 12:09:46 Downloaded GrapeHarvest_ZH-CN9372743517_1920x1080.jpg
2019-03-12 12:09:58 Downloaded Policewomen_ZH-CN9260416327_1920x1080.jpg
